2025-06-13 20:49:00 | WARN | repo=BlockchainKit | action=commit
2025-06-21 08:14:00 | DEBUG | repo=BlockchainKit | action=commit
2025-11-12 11:59:00 | INFO | repo=BlockchainKit | action=commit
2025-06-25 08:41:00 | WARN | repo=BlockchainKit | action=commit
2025-09-06 14:53:00 | INFO | repo=BlockchainKit | action=commit
2025-06-01 18:21:00 | DEBUG | repo=BlockchainKit | action=commit
2025-08-16 11:46:00 | DEBUG | repo=BlockchainKit | action=commit
2025-08-12 19:42:00 | INFO | repo=BlockchainKit | action=test | passed=true
2025-10-16 20:59:00 | WARN | repo=BlockchainKit | action=edit | files=5
2025-01-05 08:50:00 | DEBUG | repo=BlockchainKit | action=commit
2025-10-22 11:04:00 | WARN | repo=BlockchainKit | action=commit
2025-03-10 19:19:00 | DEBUG | repo=BlockchainKit | action=commit
2025-01-27 18:18:00 | INFO | repo=BlockchainKit | action=pull
2025-02-07 07:41:00 | DEBUG | repo=BlockchainKit | action=commit
2025-07-21 20:20:00 | WARN | repo=BlockchainKit | action=commit
2025-06-16 08:07:00 | DEBUG | repo=BlockchainKit | action=commit
2025-12-11 17:27:00 | WARN | repo=BlockchainKit | action=commit
2025-04-26 18:20:00 | DEBUG | repo=BlockchainKit | action=commit
2025-07-22 13:40:00 | WARN | repo=BlockchainKit | action=commit
2025-07-26T10:41:00 | nonce=8257231158194954705
2025-12-18T17:54:00 | nonce=9116854942673775117
2025-08-23T09:00:00 | nonce=17487345945147474599
2025-08-07T10:46:00 | nonce=2746155174644320782
2025-12-26T14:19:00 | nonce=6422650910254715745
